<?xml version="1.0" encoding="UTF-8"?>
<!-- Generated by org.testng.reporters.JUnitReportReporter -->
<testsuite name="DataProvider.LogIn" tests="3" time="24.690" ignored="0" failures="0" timestamp="17 Jun 2021 09:47:00 GMT" skipped="0" hostname="Neha-PC" errors="0">
  <testcase name="LogIntoSite" time="6.952" classname="DataProvider.LogIn"/>
  <testcase name="LogIntoSite" time="11.675" classname="DataProvider.LogIn"/>
  <testcase name="LogIntoSite" time="6.063" classname="DataProvider.LogIn"/>
</testsuite> <!-- DataProvider.LogIn -->
